Using pre-set license

 COMMAND LINE ARGUMENTS:
/Applications/Unity/Hub/Editor/2020.3.16f1/Unity.app/Contents/MacOS/Unity
-adb2
-batchMode
-noUpm
-name
AssetImportWorker0
-projectPath
/Users/stevehechio/CreateWithCode/Running Pingu
-logFile
Logs/AssetImportWorker0.log
-srvPort
49897
Successfully changed project path to: /Users/stevehechio/CreateWithCode/Running Pingu
/Users/stevehechio/CreateWithCode/Running Pingu
Using Asset Import Pipeline V2.
Refreshing native plugins compatible for Editor in 33.81 ms, found 2 plugins.
Preloading 0 native plugins for Editor in 0.00 ms.
Initialize engine version: 2020.3.16f1 (049d6eca3c44)
[Subsystems] Discovering subsystems at path /Applications/Unity/Hub/Editor/2020.3.16f1/Unity.app/Contents/Resources/UnitySubsystems
[Subsystems] Discovering subsystems at path /Users/stevehechio/CreateWithCode/Running Pingu/Assets
GfxDevice: creating device client; threaded=0
2021-10-01 07:45:20.176 Unity[1323:19929] iMac preferred device: NVIDIA GeForce GT 755M (high power)
2021-10-01 07:45:20.176 Unity[1323:19929] Metal devices available: 1
2021-10-01 07:45:20.176 Unity[1323:19929] 0: NVIDIA GeForce GT 755M (high power)
2021-10-01 07:45:20.203 Unity[1323:19929] Using device NVIDIA GeForce GT 755M (high power)
Initializing Metal device caps: NVIDIA GeForce GT 755M
Initialize mono
Mono path[0] = '/Applications/Unity/Hub/Editor/2020.3.16f1/Unity.app/Contents/Managed'
Mono path[1] = '/Applications/Unity/Hub/Editor/2020.3.16f1/Unity.app/Contents/MonoBleedingEdge/lib/mono/unityjit'
Mono config path = '/Applications/Unity/Hub/Editor/2020.3.16f1/Unity.app/Contents/MonoBleedingEdge/etc'
Using monoOptions --debugger-agent=transport=dt_socket,embedding=1,server=y,suspend=n,address=127.0.0.1:56323
Begin MonoManager ReloadAssembly
Registering precompiled unity dll's ...
Register platform support module: /Applications/Unity/Hub/Editor/2020.3.16f1/Unity.app/Contents/PlaybackEngines/MacStandaloneSupport/UnityEditor.OSXStandalone.Extensions.dll
Registered in 0.000588 seconds.
Native extension for OSXStandalone target not found
Refreshing native plugins compatible for Editor in 38.64 ms, found 2 plugins.
Preloading 0 native plugins for Editor in 0.00 ms.
Mono: successfully reloaded assembly
- Completed reload, in  3.578 seconds
Domain Reload Profiling:
	ReloadAssembly (3578ms)
		BeginReloadAssembly (60ms)
			ExecutionOrderSort (0ms)
			DisableScriptedObjects (0ms)
			BackupInstance (0ms)
			ReleaseScriptingObjects (0ms)
			CreateAndSetChildDomain (1ms)
		EndReloadAssembly (642ms)
			LoadAssemblies (59ms)
			RebuildTransferFunctionScriptingTraits (0ms)
			SetupTypeCache (234ms)
			ReleaseScriptCaches (0ms)
			RebuildScriptCaches (53ms)
			SetupLoadedEditorAssemblies (282ms)
				LogAssemblyErrors (0ms)
				InitializePlatformSupportModulesInManaged (6ms)
				SetLoadedEditorAssemblies (0ms)
				RefreshPlugins (39ms)
				BeforeProcessingInitializeOnLoad (61ms)
				ProcessInitializeOnLoadAttributes (122ms)
				ProcessInitializeOnLoadMethodAttributes (55ms)
				AfterProcessingInitializeOnLoad (0ms)
				EditorAssembliesLoaded (0ms)
			ExecutionOrderSort2 (0ms)
			AwakeInstancesAfterBackupRestoration (0ms)
Platform modules already initialized, skipping
Registering precompiled user dll's ...
Registered in 0.001852 seconds.
Begin MonoManager ReloadAssembly
Native extension for OSXStandalone target not found
Refreshing native plugins compatible for Editor in 0.34 ms, found 2 plugins.
Preloading 0 native plugins for Editor in 0.00 ms.
Mono: successfully reloaded assembly
- Completed reload, in  1.583 seconds
Domain Reload Profiling:
	ReloadAssembly (1583ms)
		BeginReloadAssembly (209ms)
			ExecutionOrderSort (0ms)
			DisableScriptedObjects (7ms)
			BackupInstance (0ms)
			ReleaseScriptingObjects (0ms)
			CreateAndSetChildDomain (44ms)
		EndReloadAssembly (1291ms)
			LoadAssemblies (105ms)
			RebuildTransferFunctionScriptingTraits (0ms)
			SetupTypeCache (446ms)
			ReleaseScriptCaches (1ms)
			RebuildScriptCaches (68ms)
			SetupLoadedEditorAssemblies (523ms)
				LogAssemblyErrors (0ms)
				InitializePlatformSupportModulesInManaged (6ms)
				SetLoadedEditorAssemblies (1ms)
				RefreshPlugins (0ms)
				BeforeProcessingInitializeOnLoad (89ms)
				ProcessInitializeOnLoadAttributes (418ms)
				ProcessInitializeOnLoadMethodAttributes (6ms)
				AfterProcessingInitializeOnLoad (2ms)
				EditorAssembliesLoaded (0ms)
			ExecutionOrderSort2 (0ms)
			AwakeInstancesAfterBackupRestoration (9ms)
Platform modules already initialized, skipping
========================================================================
Worker process is ready to serve import requests
Launching external process: /Applications/Unity/Hub/Editor/2020.3.16f1/Unity.app/Contents/Tools/UnityShaderCompiler
Launched and connected shader compiler UnityShaderCompiler after 0.22 seconds
Refreshing native plugins compatible for Editor in 0.32 ms, found 2 plugins.
Preloading 0 native plugins for Editor in 0.00 ms.
Unloading 1397 Unused Serialized files (Serialized files now loaded: 0)
System memory in use before: 139.4 MB.
System memory in use after: 139.5 MB.

Unloading 18 unused Assets to reduce memory usage. Loaded Objects now: 1830.
Total: 3.259451 ms (FindLiveObjects: 0.164598 ms CreateObjectMapping: 0.051164 ms MarkObjects: 2.944433 ms  DeleteObjects: 0.098119 ms)

AssetImportParameters requested are different than current active one (requested -> active):
  custom:video-decoder-ogg-theora: a1e56fd34408186e4bbccfd4996cb3dc -> 
  custom:container-muxer-webm: aa71ff27fc2769a1b78a27578f13a17b -> 
  custom:container-demuxer-webm: 4f35f7cbe854078d1ac9338744f61a02 -> 
  custom:container-demuxer-ogg: 62fdf1f143b41e24485cea50d1cbac27 -> 
  custom:video-encoder-webm-vp8: eb34c28f22e8b96e1ab97ce403110664 -> 
  custom:framework-osx-AVFoundation: b23960f63f64bdc6ff669e2cdcee2391 -> 
  custom:video-decoder-webm-vp8: 9c59270c3fd7afecdb556c50c9e8de78 -> 
  custom:audio-decoder-ogg-vorbis: bf7c407c2cedff20999df2af8eb42d56 -> 
  custom:audio-encoder-webm-vorbis: bf7c407c2cedff20999df2af8eb42d56 -> 
========================================================================
Received Import Request.
  path: Assets
  artifactKey: Guid(00000000000000001000000000000000) Importer(815301076,1909f56bfc062723c751e8b465ee728b)
Start importing Assets using Guid(00000000000000001000000000000000) Importer(815301076,1909f56bfc062723c751e8b465ee728b)  -> (artifact id: '42d402b061de3733987d63b9cc3b64de') in 0.052780 seconds 
  Import took 0.161430 seconds .

========================================================================
Received Import Request.
  Time since last request: 596.663017 seconds.
  path: Assets/RunningGamePack/Engel-1/Engel-1 DFS.psd
  artifactKey: Guid(6e392fde6b2297344982e01b1c06eb87) Importer(815301076,1909f56bfc062723c751e8b465ee728b)
Start importing Assets/RunningGamePack/Engel-1/Engel-1 DFS.psd using Guid(6e392fde6b2297344982e01b1c06eb87) Importer(815301076,1909f56bfc062723c751e8b465ee728b)  -> (artifact id: '8a82a6ccb782b077e36cdda4635c8941') in 2.239731 seconds 
  Import took 2.242646 seconds .

========================================================================
Received Import Request.
  Time since last request: 11.465836 seconds.
  path: Assets/RunningGamePack/Run Level.unity
  artifactKey: Guid(912452cdc81826b4b88f33decf4295e8) Importer(815301076,1909f56bfc062723c751e8b465ee728b)
Start importing Assets/RunningGamePack/Run Level.unity using Guid(912452cdc81826b4b88f33decf4295e8) Importer(815301076,1909f56bfc062723c751e8b465ee728b)  -> (artifact id: '32ef0cf1bf40737d1c2a3fff00d5139b') in 0.015558 seconds 
  Import took 0.018414 seconds .

========================================================================
Received Import Request.
  Time since last request: 0.041077 seconds.
  path: Assets/RunningGamePack/Run Level.unity
  artifactKey: Guid(912452cdc81826b4b88f33decf4295e8) Importer(815301076,1909f56bfc062723c751e8b465ee728b)
Start importing Assets/RunningGamePack/Run Level.unity using Guid(912452cdc81826b4b88f33decf4295e8) Importer(815301076,1909f56bfc062723c751e8b465ee728b)  -> (artifact id: '32ef0cf1bf40737d1c2a3fff00d5139b') in 0.002048 seconds 
  Import took 0.006004 seconds .

========================================================================
Received Import Request.
  Time since last request: 52.666447 seconds.
  path: Assets/RunningGamePack/Run Level 2.unity
  artifactKey: Guid(d043f10a6d1e31644ac9c764672a8438) Importer(815301076,1909f56bfc062723c751e8b465ee728b)
Start importing Assets/RunningGamePack/Run Level 2.unity using Guid(d043f10a6d1e31644ac9c764672a8438) Importer(815301076,1909f56bfc062723c751e8b465ee728b)  -> (artifact id: 'b0ffe78f5e203dbd2fd320977fbb93d3') in 0.019354 seconds 
  Import took 0.095730 seconds .

========================================================================
Received Prepare
Registering precompiled user dll's ...
Registered in 0.061495 seconds.
Begin MonoManager ReloadAssembly
Native extension for OSXStandalone target not found
Refreshing native plugins compatible for Editor in 0.40 ms, found 2 plugins.
Preloading 0 native plugins for Editor in 0.00 ms.
Mono: successfully reloaded assembly
- Completed reload, in  1.876 seconds
Domain Reload Profiling:
	ReloadAssembly (1877ms)
		BeginReloadAssembly (172ms)
			ExecutionOrderSort (0ms)
			DisableScriptedObjects (6ms)
			BackupInstance (0ms)
			ReleaseScriptingObjects (0ms)
			CreateAndSetChildDomain (77ms)
		EndReloadAssembly (1613ms)
			LoadAssemblies (306ms)
			RebuildTransferFunctionScriptingTraits (0ms)
			SetupTypeCache (439ms)
			ReleaseScriptCaches (1ms)
			RebuildScriptCaches (64ms)
			SetupLoadedEditorAssemblies (607ms)
				LogAssemblyErrors (0ms)
				InitializePlatformSupportModulesInManaged (6ms)
				SetLoadedEditorAssemblies (1ms)
				RefreshPlugins (0ms)
				BeforeProcessingInitializeOnLoad (110ms)
				ProcessInitializeOnLoadAttributes (480ms)
				ProcessInitializeOnLoadMethodAttributes (8ms)
				AfterProcessingInitializeOnLoad (2ms)
				EditorAssembliesLoaded (0ms)
			ExecutionOrderSort2 (0ms)
			AwakeInstancesAfterBackupRestoration (11ms)
Platform modules already initialized, skipping
Refreshing native plugins compatible for Editor in 0.41 ms, found 2 plugins.
Preloading 0 native plugins for Editor in 0.00 ms.
Unloading 1391 Unused Serialized files (Serialized files now loaded: 0)
System memory in use before: 144.0 MB.
System memory in use after: 144.1 MB.

Unloading 13 unused Assets to reduce memory usage. Loaded Objects now: 1834.
Total: 3.516266 ms (FindLiveObjects: 0.215344 ms CreateObjectMapping: 0.053352 ms MarkObjects: 3.221033 ms  DeleteObjects: 0.025506 ms)

AssetImportParameters requested are different than current active one (requested -> active):
  custom:video-decoder-ogg-theora: a1e56fd34408186e4bbccfd4996cb3dc -> 
  custom:container-muxer-webm: aa71ff27fc2769a1b78a27578f13a17b -> 
  custom:container-demuxer-webm: 4f35f7cbe854078d1ac9338744f61a02 -> 
  custom:container-demuxer-ogg: 62fdf1f143b41e24485cea50d1cbac27 -> 
  custom:video-encoder-webm-vp8: eb34c28f22e8b96e1ab97ce403110664 -> 
  custom:framework-osx-AVFoundation: b23960f63f64bdc6ff669e2cdcee2391 -> 
  custom:video-decoder-webm-vp8: 9c59270c3fd7afecdb556c50c9e8de78 -> 
  custom:audio-decoder-ogg-vorbis: bf7c407c2cedff20999df2af8eb42d56 -> 
  custom:audio-encoder-webm-vorbis: bf7c407c2cedff20999df2af8eb42d56 -> 
========================================================================
Received Import Request.
  Time since last request: 65.360304 seconds.
  path: Assets/RunningGamePack/Level.FBX
  artifactKey: Guid(88aae523d03421b4094232c762977b67) Importer(815301076,1909f56bfc062723c751e8b465ee728b)
Start importing Assets/RunningGamePack/Level.FBX using Guid(88aae523d03421b4094232c762977b67) Importer(815301076,1909f56bfc062723c751e8b465ee728b)  -> (artifact id: '8f0350aab86aef8a0c2db8b41275f640') in 7.122341 seconds 
  Import took 7.167917 seconds .

========================================================================
Received Import Request.
  Time since last request: 12.589933 seconds.
  path: Assets/RunningGamePack/Engel-1/Engel-1 NRM.tga
  artifactKey: Guid(8ef5305baf5794b41a24118c2272e8d6) Importer(815301076,1909f56bfc062723c751e8b465ee728b)
Start importing Assets/RunningGamePack/Engel-1/Engel-1 NRM.tga using Guid(8ef5305baf5794b41a24118c2272e8d6) Importer(815301076,1909f56bfc062723c751e8b465ee728b)  -> (artifact id: '4ef45a34fd360b0a45fb7d614a2c47f4') in 2.495447 seconds 
  Import took 2.551287 seconds .

========================================================================
Received Import Request.
  Time since last request: 68.920567 seconds.
  path: Assets/RunningGamePack/Engel-1
  artifactKey: Guid(7d85d4ba4bc2d4366b6b40289ffbc896) Importer(815301076,1909f56bfc062723c751e8b465ee728b)
Start importing Assets/RunningGamePack/Engel-1 using Guid(7d85d4ba4bc2d4366b6b40289ffbc896) Importer(815301076,1909f56bfc062723c751e8b465ee728b)  -> (artifact id: '784079e93d0cb40232ada019ac2a4884') in 0.073050 seconds 
  Import took 0.128605 seconds .

========================================================================
Received Import Request.
  Time since last request: 6.277170 seconds.
  path: Assets/RunningGamePack/Engel-1/Engel-1.obj
  artifactKey: Guid(167aac489a10dd74fa6aa347c0b8240b) Importer(815301076,1909f56bfc062723c751e8b465ee728b)
Start importing Assets/RunningGamePack/Engel-1/Engel-1.obj using Guid(167aac489a10dd74fa6aa347c0b8240b) Importer(815301076,1909f56bfc062723c751e8b465ee728b)  -> (artifact id: '13d8338a0d5b73cdd70bb51331cd58d9') in 9.632294 seconds 
  Import took 9.677038 seconds .

========================================================================
Received Import Request.
  Time since last request: 16.343566 seconds.
  path: Assets/RunningGamePack/Engel-2/Engel-2 DFS.psd
  artifactKey: Guid(31315377d1170d94cb48c45d048688f1) Importer(815301076,1909f56bfc062723c751e8b465ee728b)
Start importing Assets/RunningGamePack/Engel-2/Engel-2 DFS.psd using Guid(31315377d1170d94cb48c45d048688f1) Importer(815301076,1909f56bfc062723c751e8b465ee728b)  -> (artifact id: 'cda5909244b80b8b0d0eef3723762d48') in 0.051782 seconds 
  Import took 0.093375 seconds .

========================================================================
Received Import Request.
  Time since last request: 2.292935 seconds.
  path: Assets/RunningGamePack/Engel-2/Engel-2 NRM.tga
  artifactKey: Guid(ff7226d425a4e6c4ca01ed34ce06f2e2) Importer(815301076,1909f56bfc062723c751e8b465ee728b)
Start importing Assets/RunningGamePack/Engel-2/Engel-2 NRM.tga using Guid(ff7226d425a4e6c4ca01ed34ce06f2e2) Importer(815301076,1909f56bfc062723c751e8b465ee728b)  -> (artifact id: 'cc18419f7278089c8ba71f1fcadae055') in 0.060915 seconds 
  Import took 0.092449 seconds .

========================================================================
Received Import Request.
  Time since last request: 1.803503 seconds.
  path: Assets/RunningGamePack/Engel-2/Engel-2.obj
  artifactKey: Guid(80fb3d6f0e42c6247b9735a15012733d) Importer(815301076,1909f56bfc062723c751e8b465ee728b)
Start importing Assets/RunningGamePack/Engel-2/Engel-2.obj using Guid(80fb3d6f0e42c6247b9735a15012733d) Importer(815301076,1909f56bfc062723c751e8b465ee728b)  -> (artifact id: '599ef47cdf3993e4393a665ad2080066') in 0.112604 seconds 
  Import took 0.123279 seconds .

========================================================================
Received Import Request.
  Time since last request: 9.575332 seconds.
  path: Assets/RunningGamePack/Engel-3/Engel-3 DFS.psd
  artifactKey: Guid(2d9dc2714643d9d44aea3a9aacb9e41a) Importer(815301076,1909f56bfc062723c751e8b465ee728b)
Start importing Assets/RunningGamePack/Engel-3/Engel-3 DFS.psd using Guid(2d9dc2714643d9d44aea3a9aacb9e41a) Importer(815301076,1909f56bfc062723c751e8b465ee728b)  -> (artifact id: '76a903aea167bb94f810312859a33130') in 0.047297 seconds 
  Import took 0.068495 seconds .

========================================================================
Received Import Request.
  Time since last request: 1.078235 seconds.
  path: Assets/RunningGamePack/Engel-3/Engel-3 NRM.tga
  artifactKey: Guid(60325703b04f3af42925430a1bf188b9) Importer(815301076,1909f56bfc062723c751e8b465ee728b)
Start importing Assets/RunningGamePack/Engel-3/Engel-3 NRM.tga using Guid(60325703b04f3af42925430a1bf188b9) Importer(815301076,1909f56bfc062723c751e8b465ee728b)  -> (artifact id: 'b17100ffeb71761fc9348596beb7be5c') in 0.043679 seconds 
  Import took 0.046967 seconds .

========================================================================
Received Import Request.
  Time since last request: 0.844487 seconds.
  path: Assets/RunningGamePack/Engel-3/Engel-3.obj
  artifactKey: Guid(6fd6ed09323cd9140a56f726cddecd2b) Importer(815301076,1909f56bfc062723c751e8b465ee728b)
Start importing Assets/RunningGamePack/Engel-3/Engel-3.obj using Guid(6fd6ed09323cd9140a56f726cddecd2b) Importer(815301076,1909f56bfc062723c751e8b465ee728b)  -> (artifact id: '9ed40cfd07fd513469e54406dc856fb6') in 0.073717 seconds 
  Import took 0.101025 seconds .

========================================================================
Received Import Request.
  Time since last request: 15.833855 seconds.
  path: Assets/RunningGamePack/Engel-4/Engel-4 DFS.psd
  artifactKey: Guid(1dc4c228710202a4f8bd147e09148f1c) Importer(815301076,1909f56bfc062723c751e8b465ee728b)
Start importing Assets/RunningGamePack/Engel-4/Engel-4 DFS.psd using Guid(1dc4c228710202a4f8bd147e09148f1c) Importer(815301076,1909f56bfc062723c751e8b465ee728b)  -> (artifact id: '57d38657663896a1af5874dfc6418321') in 0.077131 seconds 
  Import took 0.098278 seconds .

========================================================================
Received Import Request.
  Time since last request: 0.589388 seconds.
  path: Assets/RunningGamePack/Engel-4/Engel-4 NRM.tga
  artifactKey: Guid(0a0d804d8b26d944db73749da32360e4) Importer(815301076,1909f56bfc062723c751e8b465ee728b)
Start importing Assets/RunningGamePack/Engel-4/Engel-4 NRM.tga using Guid(0a0d804d8b26d944db73749da32360e4) Importer(815301076,1909f56bfc062723c751e8b465ee728b)  -> (artifact id: '9f2bf81aa6d2a5b92c756d2ce9f605c6') in 0.042871 seconds 
  Import took 0.046365 seconds .

========================================================================
Received Import Request.
  Time since last request: 0.935033 seconds.
  path: Assets/RunningGamePack/Engel-4/Engel-4.obj
  artifactKey: Guid(8c63fab45c0a89145b5c1892ff24d91e) Importer(815301076,1909f56bfc062723c751e8b465ee728b)
Start importing Assets/RunningGamePack/Engel-4/Engel-4.obj using Guid(8c63fab45c0a89145b5c1892ff24d91e) Importer(815301076,1909f56bfc062723c751e8b465ee728b)  -> (artifact id: 'c6c0c24c9fbe67da9febf9ad4a7f6bc8') in 0.079751 seconds 
  Import took 0.100329 seconds .

========================================================================
Received Import Request.
  Time since last request: 3.868984 seconds.
  path: Assets/RunningGamePack/Para-1/Para-1 DFS.psd
  artifactKey: Guid(13e9d720997abd9419238c619404ea6f) Importer(815301076,1909f56bfc062723c751e8b465ee728b)
Start importing Assets/RunningGamePack/Para-1/Para-1 DFS.psd using Guid(13e9d720997abd9419238c619404ea6f) Importer(815301076,1909f56bfc062723c751e8b465ee728b)  -> (artifact id: '03fdbf3de7085739b5122fdcbc2dfdaa') in 0.052990 seconds 
  Import took 0.055824 seconds .

========================================================================
Received Import Request.
  Time since last request: 33.221646 seconds.
  path: Assets/RunningGamePack/Sus Duvar-1/Sus Duvar-1 DFS.psd
  artifactKey: Guid(7a8aedcc9021cc84c8feadb2e402214c) Importer(815301076,1909f56bfc062723c751e8b465ee728b)
Start importing Assets/RunningGamePack/Sus Duvar-1/Sus Duvar-1 DFS.psd using Guid(7a8aedcc9021cc84c8feadb2e402214c) Importer(815301076,1909f56bfc062723c751e8b465ee728b)  -> (artifact id: '67920f01d8dc6fc337ad2f6e765d4c09') in 0.090869 seconds 
  Import took 0.114715 seconds .

========================================================================
Received Import Request.
  Time since last request: 1.056172 seconds.
  path: Assets/RunningGamePack/Sus Duvar-1/Materials
  artifactKey: Guid(fefdac36ea60a4a62b7cc552d678ef6d) Importer(815301076,1909f56bfc062723c751e8b465ee728b)
Start importing Assets/RunningGamePack/Sus Duvar-1/Materials using Guid(fefdac36ea60a4a62b7cc552d678ef6d) Importer(815301076,1909f56bfc062723c751e8b465ee728b)  -> (artifact id: '75c37e52efa99e3de8abb58aacdb981a') in 0.010846 seconds 
  Import took 0.014253 seconds .

========================================================================
Received Import Request.
  Time since last request: 1.507445 seconds.
  path: Assets/RunningGamePack/Sus Duvar-1
  artifactKey: Guid(bc197ef3e3d554f16bbb50e59e627b71) Importer(815301076,1909f56bfc062723c751e8b465ee728b)
Start importing Assets/RunningGamePack/Sus Duvar-1 using Guid(bc197ef3e3d554f16bbb50e59e627b71) Importer(815301076,1909f56bfc062723c751e8b465ee728b)  -> (artifact id: 'b9f0e057ca38f164721d577c8eb3bd64') in 0.015806 seconds 
  Import took 0.041444 seconds .

========================================================================
Received Import Request.
  Time since last request: 3.241763 seconds.
  path: Assets/RunningGamePack/Sus Duvar-3/Sus Duvar-3 DFS.psd
  artifactKey: Guid(3d1f07459ae0b9d4a954ff228027d73d) Importer(815301076,1909f56bfc062723c751e8b465ee728b)
Start importing Assets/RunningGamePack/Sus Duvar-3/Sus Duvar-3 DFS.psd using Guid(3d1f07459ae0b9d4a954ff228027d73d) Importer(815301076,1909f56bfc062723c751e8b465ee728b)  -> (artifact id: 'bda1ab3d339ed4ba1f476ec775c9e7d4') in 0.048921 seconds 
  Import took 0.051844 seconds .

========================================================================
Received Import Request.
  Time since last request: 7.586535 seconds.
  path: Assets/RunningGamePack/Yol-1/Materials
  artifactKey: Guid(7c661d07d9a4a40fda4bdf1710312370) Importer(815301076,1909f56bfc062723c751e8b465ee728b)
Start importing Assets/RunningGamePack/Yol-1/Materials using Guid(7c661d07d9a4a40fda4bdf1710312370) Importer(815301076,1909f56bfc062723c751e8b465ee728b)  -> (artifact id: '3a0e0ba289d3a1ceb87e978e4fb98244') in 0.006608 seconds 
  Import took 0.010248 seconds .

========================================================================
Received Import Request.
  Time since last request: 0.770526 seconds.
  path: Assets/RunningGamePack/Yol-1/Yol-1 DFS.psd
  artifactKey: Guid(5d0f28afc00be444b9be2e7344701eb7) Importer(815301076,1909f56bfc062723c751e8b465ee728b)
Start importing Assets/RunningGamePack/Yol-1/Yol-1 DFS.psd using Guid(5d0f28afc00be444b9be2e7344701eb7) Importer(815301076,1909f56bfc062723c751e8b465ee728b)  -> (artifact id: '47698e934c664c43e834f8d7597ff2b2') in 0.028164 seconds 
  Import took 0.031520 seconds .

========================================================================
Received Import Request.
  Time since last request: 3.402253 seconds.
  path: Assets/RunningGamePack/Yol-1/Yol-1.obj
  artifactKey: Guid(ba06112f1dc869e4a9af2912dcbfdfc7) Importer(815301076,1909f56bfc062723c751e8b465ee728b)
Start importing Assets/RunningGamePack/Yol-1/Yol-1.obj using Guid(ba06112f1dc869e4a9af2912dcbfdfc7) Importer(815301076,1909f56bfc062723c751e8b465ee728b)  -> (artifact id: '88ccc6fd060883dd43c6997e3c9bb1d4') in 0.106334 seconds 
  Import took 0.127998 seconds .

========================================================================
Received Import Request.
  Time since last request: 1410.177413 seconds.
  path: Assets/Scenes/SampleScene.unity
  artifactKey: Guid(9fc0d4010bbf28b4594072e72b8655ab) Importer(815301076,1909f56bfc062723c751e8b465ee728b)
Start importing Assets/Scenes/SampleScene.unity using Guid(9fc0d4010bbf28b4594072e72b8655ab) Importer(815301076,1909f56bfc062723c751e8b465ee728b)  -> (artifact id: '85059f4f9e1a832ed95adaa0d25c5c4c') in 0.063747 seconds 
  Import took 0.067887 seconds .

========================================================================
Received Prepare
Registering precompiled user dll's ...
Registered in 0.505604 seconds.
Begin MonoManager ReloadAssembly
Native extension for OSXStandalone target not found
Refreshing native plugins compatible for Editor in 0.43 ms, found 2 plugins.
Preloading 0 native plugins for Editor in 0.00 ms.
Mono: successfully reloaded assembly
- Completed reload, in  1.593 seconds
Domain Reload Profiling:
	ReloadAssembly (1593ms)
		BeginReloadAssembly (167ms)
			ExecutionOrderSort (0ms)
			DisableScriptedObjects (6ms)
			BackupInstance (0ms)
			ReleaseScriptingObjects (0ms)
			CreateAndSetChildDomain (84ms)
		EndReloadAssembly (1346ms)
			LoadAssemblies (272ms)
			RebuildTransferFunctionScriptingTraits (0ms)
			SetupTypeCache (389ms)
			ReleaseScriptCaches (1ms)
			RebuildScriptCaches (57ms)
			SetupLoadedEditorAssemblies (487ms)
				LogAssemblyErrors (0ms)
				InitializePlatformSupportModulesInManaged (6ms)
				SetLoadedEditorAssemblies (1ms)
				RefreshPlugins (0ms)
				BeforeProcessingInitializeOnLoad (89ms)
				ProcessInitializeOnLoadAttributes (384ms)
				ProcessInitializeOnLoadMethodAttributes (5ms)
				AfterProcessingInitializeOnLoad (2ms)
				EditorAssembliesLoaded (0ms)
			ExecutionOrderSort2 (0ms)
			AwakeInstancesAfterBackupRestoration (9ms)
Platform modules already initialized, skipping
Refreshing native plugins compatible for Editor in 0.37 ms, found 2 plugins.
Preloading 0 native plugins for Editor in 0.00 ms.
Unloading 1391 Unused Serialized files (Serialized files now loaded: 0)
System memory in use before: 173.6 MB.
System memory in use after: 173.8 MB.

Unloading 13 unused Assets to reduce memory usage. Loaded Objects now: 1852.
Total: 3.636090 ms (FindLiveObjects: 0.206706 ms CreateObjectMapping: 0.100604 ms MarkObjects: 3.312190 ms  DeleteObjects: 0.015767 ms)

AssetImportParameters requested are different than current active one (requested -> active):
  custom:video-decoder-ogg-theora: a1e56fd34408186e4bbccfd4996cb3dc -> 
  custom:container-muxer-webm: aa71ff27fc2769a1b78a27578f13a17b -> 
  custom:container-demuxer-webm: 4f35f7cbe854078d1ac9338744f61a02 -> 
  custom:container-demuxer-ogg: 62fdf1f143b41e24485cea50d1cbac27 -> 
  custom:video-encoder-webm-vp8: eb34c28f22e8b96e1ab97ce403110664 -> 
  custom:framework-osx-AVFoundation: b23960f63f64bdc6ff669e2cdcee2391 -> 
  custom:video-decoder-webm-vp8: 9c59270c3fd7afecdb556c50c9e8de78 -> 
  custom:audio-decoder-ogg-vorbis: bf7c407c2cedff20999df2af8eb42d56 -> 
  custom:audio-encoder-webm-vorbis: bf7c407c2cedff20999df2af8eb42d56 -> 
